<?xml version="1.0" encoding="UTF-8"?>
<testsuite name="com.pavel.todoapi.TodoApiApplicationTests" tests="1" skipped="0" failures="0" errors="0" timestamp="2025-08-14T18:14:50.169Z" hostname="Pavels-MacBook-Pro-2.local" time="1.26">
  <properties/>
  <testcase name="contextLoads()" classname="com.pavel.todoapi.TodoApiApplicationTests" time="1.26"/>
  <system-out><![CDATA[20:14:38.890 [Test worker] INFO org.springframework.test.context.support.AnnotationConfigContextLoaderUtils -- Could not detect default configuration classes for test class [com.pavel.todoapi.TodoApiApplicationTests]: TodoApiApplicationTests does not declare any static, non-private, non-final, nested classes annotated with @Configuration.
20:14:39.153 [Test worker] INFO org.springframework.boot.test.context.SpringBootTestContextBootstrapper -- Found @SpringBootConfiguration com.pavel.todoapi.TodoApiApplication for test class com.pavel.todoapi.TodoApiApplicationTests

  .   ____          _            __ _ _
 /\\ / ___'_ __ _ _(_)_ __  __ _ \ \ \ \
( ( )\___ | '_ | '_| | '_ \/ _` | \ \ \ \
 \\/  ___)| |_)| | | | | || (_| |  ) ) ) )
  '  |____| .__|_| |_|_| |_\__, | / / / /
 =========|_|==============|___/=/_/_/_/

 :: Spring Boot ::                (v3.4.1)

2025-08-14T20:14:40.219+02:00  INFO 39171 --- [TodoAPI] [    Test worker] c.pavel.todoapi.TodoApiApplicationTests  : Starting TodoApiApplicationTests using Java 17.0.13 with PID 39171 (started by pavelkilbergr in /Users/pavelkilbergr/development/API)
2025-08-14T20:14:40.223+02:00 DEBUG 39171 --- [TodoAPI] [    Test worker] c.pavel.todoapi.TodoApiApplicationTests  : Running with Spring Boot v3.4.1, Spring v6.2.1
2025-08-14T20:14:40.390+02:00  INFO 39171 --- [TodoAPI] [    Test worker] c.pavel.todoapi.TodoApiApplicationTests  : No active profile set, falling back to 1 default profile: "default"
2025-08-14T20:14:41.992+02:00  INFO 39171 --- [TodoAPI] [    Test worker] .s.d.r.c.RepositoryConfigurationDelegate : Bootstrapping Spring Data JPA repositories in DEFAULT mode.
2025-08-14T20:14:42.215+02:00  INFO 39171 --- [TodoAPI] [    Test worker] .s.d.r.c.RepositoryConfigurationDelegate : Finished Spring Data repository scanning in 206 ms. Found 1 JPA repository interface.
2025-08-14T20:14:43.284+02:00  INFO 39171 --- [TodoAPI] [    Test worker] o.hibernate.jpa.internal.util.LogHelper  : HHH000204: Processing PersistenceUnitInfo [name: default]
2025-08-14T20:14:43.373+02:00  INFO 39171 --- [TodoAPI] [    Test worker] org.hibernate.Version                    : HHH000412: Hibernate ORM core version 6.6.4.Final
2025-08-14T20:14:43.477+02:00  INFO 39171 --- [TodoAPI] [    Test worker] o.h.c.internal.RegionFactoryInitiator    : HHH000026: Second-level cache disabled
2025-08-14T20:14:44.023+02:00  INFO 39171 --- [TodoAPI] [    Test worker] o.s.o.j.p.SpringPersistenceUnitInfo      : No LoadTimeWeaver setup: ignoring JPA class transformer
2025-08-14T20:14:44.069+02:00  INFO 39171 --- [TodoAPI] [    Test worker] com.zaxxer.hikari.HikariDataSource       : HikariPool-1 - Starting...
2025-08-14T20:14:44.473+02:00  INFO 39171 --- [TodoAPI] [    Test worker] com.zaxxer.hikari.pool.HikariPool        : HikariPool-1 - Added connection conn0: url=jdbc:h2:mem:tododb user=SA
2025-08-14T20:14:44.476+02:00  INFO 39171 --- [TodoAPI] [    Test worker] com.zaxxer.hikari.HikariDataSource       : HikariPool-1 - Start completed.
2025-08-14T20:14:44.514+02:00  WARN 39171 --- [TodoAPI] [    Test worker] org.hibernate.orm.deprecation            : HHH90000025: H2Dialect does not need to be specified explicitly using 'hibernate.dialect' (remove the property setting and it will be selected by default)
2025-08-14T20:14:44.558+02:00  INFO 39171 --- [TodoAPI] [    Test worker] org.hibernate.orm.connections.pooling    : HHH10001005: Database info:
	Database JDBC URL [Connecting through datasource 'HikariDataSource (HikariPool-1)']
	Database driver: undefined/unknown
	Database version: 2.3.232
	Autocommit mode: undefined/unknown
	Isolation level: undefined/unknown
	Minimum pool size: undefined/unknown
	Maximum pool size: undefined/unknown
2025-08-14T20:14:46.484+02:00  INFO 39171 --- [TodoAPI] [    Test worker] o.h.e.t.j.p.i.JtaPlatformInitiator       : HHH000489: No JTA platform available (set 'hibernate.transaction.jta.platform' to enable JTA platform integration)
Hibernate: 
    drop table if exists todos cascade 
Hibernate: 
    create table todos (
        completed boolean not null,
        created_at timestamp(6) not null,
        id bigint generated by default as identity,
        updated_at timestamp(6),
        title varchar(100) not null,
        description varchar(500),
        primary key (id)
    )
2025-08-14T20:14:46.562+02:00  INFO 39171 --- [TodoAPI] [    Test worker] j.LocalContainerEntityManagerFactoryBean : Initialized JPA EntityManagerFactory for persistence unit 'default'
2025-08-14T20:14:47.068+02:00  INFO 39171 --- [TodoAPI] [    Test worker] o.s.d.j.r.query.QueryEnhancerFactory     : Hibernate is in classpath; If applicable, HQL parser will be used.
2025-08-14T20:14:48.809+02:00  WARN 39171 --- [TodoAPI] [    Test worker] JpaBaseConfiguration$JpaWebConfiguration : spring.jpa.open-in-view is enabled by default. Therefore, database queries may be performed during view rendering. Explicitly configure spring.jpa.open-in-view to disable this warning
2025-08-14T20:14:49.411+02:00  INFO 39171 --- [TodoAPI] [    Test worker] o.s.b.a.h2.H2ConsoleAutoConfiguration    : H2 console available at '/h2-console'. Database available at 'jdbc:h2:mem:tododb'
2025-08-14T20:14:49.732+02:00  INFO 39171 --- [TodoAPI] [    Test worker] c.pavel.todoapi.TodoApiApplicationTests  : Started TodoApiApplicationTests in 10.267 seconds (process running for 12.872)
Hibernate: 
    select
        t1_0.id,
        t1_0.completed,
        t1_0.created_at,
        t1_0.description,
        t1_0.title,
        t1_0.updated_at 
    from
        todos t1_0
Hibernate: 
    insert 
    into
        todos
        (completed, created_at, description, title, updated_at, id) 
    values
        (?, ?, ?, ?, ?, default)
Hibernate: 
    insert 
    into
        todos
        (completed, created_at, description, title, updated_at, id) 
    values
        (?, ?, ?, ?, ?, default)
Hibernate: 
    insert 
    into
        todos
        (completed, created_at, description, title, updated_at, id) 
    values
        (?, ?, ?, ?, ?, default)
Hibernate: 
    insert 
    into
        todos
        (completed, created_at, description, title, updated_at, id) 
    values
        (?, ?, ?, ?, ?, default)
Hibernate: 
    insert 
    into
        todos
        (completed, created_at, description, title, updated_at, id) 
    values
        (?, ?, ?, ?, ?, default)
✅ Sample data initialized!
Hibernate: 
    select
        count(*) 
    from
        todos t1_0
]]>&#x1f4ca;<![CDATA[ Created 5 sample todos
]]></system-out>
  <system-err><![CDATA[]]></system-err>
</testsuite>
